<?xml version="1.0" encoding="UTF-8"?>
<testng-results ignored="0" total="1" passed="1" failed="0" skipped="0">
  <reporter-output>
  </reporter-output>
  <suite started-at="2022-10-28T14:38:06Z" name="Default suite" finished-at="2022-10-28T14:38:15Z" duration-ms="8501">
    <groups>
    </groups>
    <test started-at="2022-10-28T14:38:06Z" name="Default test" finished-at="2022-10-28T14:38:15Z" duration-ms="8501">
      <class name="com.qa.selenium.testcase.test">
        <test-method signature="tests()[pri:0, instance:com.qa.selenium.testcase.test@68d279ec]" started-at="2022-10-28T20:08:06Z" name="tests" finished-at="2022-10-28T20:08:15Z" duration-ms="8481" status="PASS">
          <reporter-output>
          </reporter-output>
        </test-method> <!-- tests -->
      </class> <!-- com.qa.selenium.testcase.test -->
    </test> <!-- Default test -->
  </suite> <!-- Default suite -->
</testng-results>
